         w __deregister_frame_info
         w __register_frame_info
         w userAppExit
         w userAppInit
00000000 00000802 B __ctru_dev_utf16_buf
00000000 a shift
00000000 a shift
00000000 b _TLS_MODULE_BASE_
00000804 00000401 B __ctru_dev_path_buf
00100000 A __start__
00100000 T _start
00100008 T __service_ptr
0010000c T __apt_appid
00100010 T __heap_size
00100014 T __linear_heap_size
00100018 T __system_arglist
0010001c T __system_runflags
00100020 t startup
00100058 t ClearMem
0010006c t ClrLoop
00100094 T _init
001000ac T __aeabi_uidiv
001000ac 000001ec T __udivsi3
001000ac t .udivsi3_skip_div0_test
00100298 00000020 T __aeabi_uidivmod
001002b8 T __aeabi_idiv
001002b8 00000220 T __divsi3
001002c0 t .divsi3_skip_div0_test
001004d8 00000020 T __aeabi_idivmod
001004f8 00000004 W __aeabi_idiv0
001004f8 00000004 W __aeabi_ldiv0
00100508 00000390 T strcmp
00100890 t __do_global_dtors_aux
001008d0 t frame_dummy
001008fc 00000304 t renderBlockShadow
00100c00 0000018c t renderBlock.isra.0
00100d8c 00000a24 t renderScreen.isra.0
001017b0 00000220 T main
001019d0 00000044 t C2Di_FrameEndHook
00101a18 0000036c T C2D_Init
00101d84 0000004c T C2D_Fini
00101dd0 000000b8 T C2D_Prepare
00101e88 00000048 T C2D_Flush
00101ed0 00000104 T C2D_SceneSize
00101fd4 00000058 T C2D_CreateScreenTarget
0010202c 00000064 T C2D_TargetClear
00102090 00000058 T C2Di_AppendQuad
001020e8 00000040 T C2Di_AppendVtx
00102128 00000550 T C2Di_Update
00102678 0000015c T C2D_DrawTriangle
001027d4 00000158 T C2D_DrawRectangle
0010292c 0000016c T C2D_DrawEllipse
00102a98 00000018 t C2Di_GlyphComp
00102ab0 00000140 t C2Di_CalcLineWidths
00102bf0 000001dc T C2D_TextBufNew
00102dcc 0000000c T C2D_TextBufClear
00102dd8 000001c8 T C2D_TextFontParseLine
00102fa0 000000a8 T C2D_TextFontParse
00103048 00000030 T C2D_TextOptimize
00103078 000000c0 T C2D_TextGetDimensions
00103138 00000f6c T C2D_DrawText
001040a4 00000028 T C2D_FontFree
001040cc 000000e8 t C2Di_PostLoadFont
001041b4 000000b4 T C2D_FontLoadFromHandle
00104268 00000034 T C2D_FontLoad
0010429c 00000044 T C2D_FontGlyphIndexFromCodePoint
001042e0 00000078 T C2D_FontCalcGlyphPos
00104358 00000028 T AttrInfo_Init
00104380 00000094 T AttrInfo_AddLoader
00104414 00000054 T C3D_SetAttrInfo
00104468 00000080 T C3Di_AttrInfoBind
001044e8 00000004 W C3Di_LightEnvUpdate
001044ec 00000004 W C3Di_LightEnvDirty
001044f0 000000b4 t C3Di_AptEventHook
001045a4 00000004 W C3Di_GasUpdate
001045a8 000001d0 T C3D_Init
00104778 00000098 T C3D_SetViewport
00104810 000004e8 T C3Di_UpdateContext
00104cf8 000000e0 T C3Di_SplitFrame
00104dd8 00000044 T C3D_Fini
00104e1c 00000194 T C3D_BindProgram
00104fb0 00000024 T BufInfo_Init
00104fd4 00000080 T BufInfo_Add
00105054 0000003c T C3D_SetBufInfo
00105090 00000048 T C3Di_BufInfoBind
001050d8 0000021c T C3D_DrawElements
001052f4 00000040 T C3D_DepthMap
00105334 0000001c T C3D_CullFace
00105350 00000040 T C3D_StencilTest
00105390 00000024 T C3D_StencilOp
001053b4 0000001c T C3D_BlendingColor
001053d0 00000024 T C3D_EarlyDepthTest
001053f4 0000002c T C3D_DepthTest
00105420 0000002c T C3D_AlphaTest
0010544c 00000050 T C3D_AlphaBlend
0010549c 00000030 T C3D_FragOpMode
001054cc 00000044 T C3D_FragOpShadow
00105510 000001ac T C3Di_EffectBind
001056bc 0000001c T C3D_CalcColorBufSize
001056d8 0000001c T C3D_CalcDepthBufSize
001056f4 00000044 T C3D_SetFrameBuf
00105738 0000016c T C3Di_FrameBufBind
001058a4 000000c8 T C3D_FrameBufClear
0010596c 00000044 T C3D_FrameBufTransfer
001059b0 000000a8 T C3D_ImmSendAttrib
00105a58 00000070 T C3D_ProcTexInit
00105ac8 00000054 T C3D_ProcTexBind
00105b1c 0000005c T C3D_ProcTexLutBind
00105b78 000000a4 T ProcTexLut_FromArray
00105c1c 00000178 T C3Di_ProcTexUpdate
00105d94 00000068 T C3Di_ProcTexDirty
00105dfc 0000004c t onVBlank0
00105e48 0000004c t onVBlank1
00105e94 00000080 t C3Di_RenderTargetDestroy
00105f14 000000f4 t onQueueFinish
00106008 00000038 T C3Di_RenderQueueEnableVBlank
00106040 00000030 T C3Di_RenderQueueDisableVBlank
00106070 00000060 T C3Di_RenderQueueInit
001060d0 000000b4 T C3Di_RenderQueueExit
00106184 00000034 T C3Di_RenderQueueWaitDone
001061b8 000000e8 T C3D_FrameBegin
001062a0 00000048 T C3D_FrameDrawOn
001062e8 00000058 T C3D_FrameSplit
00106340 000001d0 T C3D_FrameEnd
00106510 0000001c T C3D_FrameEndHook
0010652c 00000170 T C3D_RenderTargetCreate
0010669c 000000a8 T C3D_RenderTargetSetOutput
00106744 00000034 T C3D_GetTexEnv
00106778 00000024 T C3Di_TexEnvBind
0010679c 00000044 T C3D_TexBind
001067e0 0000014c T C3Di_SetTex
0010692c 00000290 T C3D_UpdateUniforms
00106bbc 000000c0 T C3Di_DirtyUniforms
00106c7c 000000d8 T C3Di_LoadShaderUniforms
00106d54 00000028 T C3Di_ClearShaderUniforms
00106d7c 000000cc T Mtx_Ortho
00106e48 000000cc T Mtx_OrthoTilt
00106f14 00000024 t addrMapNodeComparator(rbtree_node const*, rbtree_node const*)
00106f38 00000004 t addrMapNodeDestructor(rbtree_node*)
00106f3c 00000120 T linearMemAlign
0010705c 00000008 T linearAlloc
00107064 0000005c T linearFree
001070c0 00000080 T MemPool::CoalesceRight(MemBlock*)
00107140 0000016c T MemPool::Allocate(MemChunk&, unsigned long, int)
001072ac 000000fc T MemPool::Deallocate(MemChunk const&)
001073a8 00000030 T MemPool::GetFreeSpace()
001073d8 00000024 t addrMapNodeComparator(rbtree_node const*, rbtree_node const*)
001073fc 00000004 t addrMapNodeDestructor(rbtree_node*)
00107400 0000024c T vramMemAlignAt
0010764c 0000000c T vramAlloc
00107658 0000000c T vramAllocAt
00107664 00000090 T vramFree
001076f4 00000094 T fontEnsureMapped
00107788 0000007c T fontFixPointers
00107804 00000100 T fontGlyphIndexFromCodePoint
00107904 000001ec T fontCalcGlyphPos
00107af0 000000d0 t gfxPresentFramebuffer
00107bc0 0000001c T gfxIsWide
00107bdc 000000ec T gfxSetScreenFormat
00107cc8 000000e0 T gfxInit
00107da8 00000010 T gfxInitDefault
00107db8 000000b4 T gfxExit
00107e6c 000000a0 T gfxGetFramebuffer
00107f0c 00000030 T gfxScreenSwapBuffers
00107f3c 00000074 T osConvertVirtToPhys
00107fb0 00000034 T __ctru_speedup_config
00107fe4 0000013c T GPUCMD_Add
00108120 000000b0 T GPUCMD_Split
001081d0 00000034 T f32tof16
00108204 00000034 T f32tof24
00108238 00000038 T f32tof31
00108270 00000010 T GX_BindQueue
00108280 00000078 T GX_ProcessCommandList
001082f8 00000074 T GX_MemoryFill
0010836c 00000070 T GX_DisplayTransfer
001083dc 00000068 t gxCmdQueueDoCommands.part.0
00108444 000000c8 T gxCmdQueueInterrupt
0010850c 0000004c T gxCmdQueueClear
00108558 000000f8 T gxCmdQueueAdd
00108650 00000080 T gxCmdQueueRun
001086d0 00000060 T gxCmdQueueStop
00108730 0000008c T gxCmdQueueWait
001087bc 000001d0 T shaderInstanceInit
0010898c 00000018 T shaderInstanceGetUniformLocation
001089a4 0000001c T shaderProgramInit
001089c0 00000064 T shaderProgramFree
00108a24 00000080 T shaderProgramSetVsh
00108aa4 000008e0 T shaderProgramConfigure
00109384 000001cc t DVLE_GenerateOutmap.part.0
00109550 000001b4 T DVLB_ParseFile
00109704 00000038 T DVLB_Free
0010973c 00000074 T DVLE_GetUniformRegister
001097b0 000001ac t aptConvertScreenForCapture
0010995c 00000008 W aptDspSleep
00109964 00000004 W aptDspWakeup
00109968 00000004 W aptDspCancel
0010996c 00000158 T aptSendCommand
00109ac8 00000044 t aptExitProcess
00109b0c 0000038c T aptExit
00109e98 000000e0 T aptHandleSleep
00109f78 00000030 T aptHook
00109fa8 00000030 T aptUnhook
00109fd8 00000084 T APT_SleepIfShellClosed
0010a05c 00000084 T aptSetSleepAllowed
0010a0e0 00000084 T APT_UnlockTransition
0010a168 000004a4 t aptEventHandler
0010a60c 000000b0 T APT_ReceiveParameter
0010a6bc 000000ac t aptReceiveParameter.constprop.0
0010a768 000002ac t aptScreenTransfer
0010aa14 00000320 t aptWaitForWakeUp.isra.0
0010ad34 000000f8 T aptJumpToHomeMenu
0010ae2c 00000048 T aptMainLoop
0010ae74 0000022c T aptInit
0010b0a0 0000007c T APT_CheckNew3DS
0010b11c 00000048 T APT_GetSharedFont
0010b164 000000cc T fsInit
0010b230 0000003c T fsExit
0010b26c 00000060 T fsExemptFromSession
0010b2cc 00000050 T fsUnexemptFromSession
0010b31c 000000cc T FSUSER_OpenFile
0010b3e8 000000bc T FSUSER_DeleteFile
0010b4a4 000000f8 T FSUSER_RenameFile
0010b59c 000000bc T FSUSER_DeleteDirectory
0010b658 000000d4 T FSUSER_CreateFile
0010b72c 000000c4 T FSUSER_CreateDirectory
0010b7f0 000000f8 T FSUSER_RenameDirectory
0010b8e8 000000b4 T FSUSER_OpenDirectory
0010b99c 00000094 T FSUSER_OpenArchive
0010ba30 0000008c T FSUSER_CloseArchive
0010babc 00000074 T FSUSER_GetSdmcArchiveResource
0010bb30 00000064 T FSUSER_IsSdmcWritable
0010bb94 00000058 T FSFILE_Read
0010bbec 00000060 T FSFILE_Write
0010bc4c 00000038 T FSFILE_GetSize
0010bc84 00000028 T FSFILE_SetSize
0010bcac 0000003c T FSFILE_Close
0010bce8 00000024 T FSFILE_Flush
0010bd0c 00000050 T FSDIR_Read
0010bd5c 0000003c T FSDIR_Close
0010bd98 00000c64 t gspHardwareInit
0010c9fc 00000248 T gspInit
0010cc44 000000f0 T gspExit
0010cd34 00000010 T gspHasGpuRight
0010cd44 000000a0 T gspPresentBuffer
0010cde4 00000030 T gspSetEventCallback
0010ce14 00000044 T gspWaitForEvent
0010ce58 0000004c T gspWaitForAnyEvent
0010cea4 00000158 t gspEventThreadMain
0010cffc 00000130 T gspSubmitGxCommand
0010d12c 00000050 T GSPGPU_FlushDataCache
0010d17c 00000034 T GSPGPU_SetLcdForceBlack
0010d1b0 00000068 T GSPGPU_AcquireRight
0010d218 00000048 T GSPGPU_ReleaseRight
0010d260 0000007c T GSPGPU_ImportDisplayCaptureInfo
0010d2dc 0000002c T GSPGPU_SaveVramSysArea
0010d308 0000002c T GSPGPU_RestoreVramSysArea
0010d334 00000024 W hidShouldUseIrrst
0010d358 0000018c T hidInit
0010d4e4 000000e8 T hidExit
0010d5cc 000002a4 T hidScanInput
0010d870 00000010 T hidKeysHeld
0010d880 00000010 T hidKeysDown
0010d890 00000018 T hidTouchRead
0010d8a8 00000018 T hidCircleRead
0010d8c0 00000160 T irrstInit
0010da20 000000cc T irrstExit
0010daec 000000b4 T irrstScanInput
0010dba0 00000024 T irrstKeysHeld
0010dbc4 00000074 T ptmSysmInit
0010dc38 0000003c T ptmSysmExit
0010dc74 00000034 T PTMSYSM_ConfigureNew3DSCPU
0010dca8 00000074 T rbtree_find
0010dd1c 00000010 T rbtree_init
0010dd2c 000001b0 t do_insert
0010dedc 00000008 T rbtree_insert
0010dee4 00000318 T rbtree_remove
0010e1fc 00000090 T rbtree_rotate
0010e28c 0000013c T decode_utf8
0010e3c8 000000e8 T utf16_to_utf8
0010e4b0 000000c0 T utf8_to_utf16
0010e570 000001e0 W __system_allocateHeaps
0010e750 00000038 W __libctru_init
0010e788 00000170 W __system_initArgv
0010e8f8 00000030 T __syscall_getreent
0010e928 00000004 T __syscall_lock_acquire
0010e92c 00000004 T __syscall_lock_release
0010e930 00000004 T __syscall_lock_acquire_recursive
0010e934 00000004 T __syscall_lock_release_recursive
0010e938 00000004 T __syscall_exit
0010e93c 00000050 T initThreadVars
0010e98c 00000080 T __system_initSyscalls
0010ea0c T svcControlMemory
0010ea2c T svcQueryMemory
0010ea5c T svcExitProcess
0010ea64 T svcCreateThread
0010ea84 T svcExitThread
0010ea8c T svcSleepThread
0010ea94 T svcReleaseMutex
0010ea9c T svcCreateEvent
0010eab0 T svcSignalEvent
0010eab8 T svcClearEvent
0010eac0 T svcMapMemoryBlock
0010eac8 T svcUnmapMemoryBlock
0010ead0 T svcCreateAddressArbiter
0010eae4 T svcArbitrateAddressNoTimeout
0010eaec T svcCloseHandle
0010eaf4 T svcWaitSynchronization
0010eafc T svcWaitSynchronizationN
0010eb24 T svcDuplicateHandle
0010eb38 T svcGetSystemTick
0010eb40 T svcConnectToPort
0010eb54 T svcSendSyncRequest
0010eb5c T svcGetResourceLimit
0010eb70 T svcGetResourceLimitLimitValues
0010eb78 T svcGetResourceLimitCurrentValues
0010eb80 T svcBreak
0010eb88 T __aeabi_read_tp
0010eb94 W initSystem
0010ebe4 W __ctru_exit
0010ebf8 00000084 W envGetHandle
0010ec7c 00000050 W envDestroyHandles
0010eccc 0000012c T srvInit
0010edf8 00000058 T srvExit
0010ee50 00000060 T srvEnableNotification
0010eeb0 000000a0 T srvGetServiceHandleDirect
0010ef50 00000038 T srvGetServiceHandle
0010ef88 00000034 T srvSubscribe
0010efbc 00000060 T srvReceiveNotification
0010f01c 00000038 T srvPublishToSubscriber
0010f054 0000000c T __sync_init
0010f060 00000018 T __sync_fini
0010f078 0000002c T syncArbitrateAddress
0010f0a4 000000ac T LightLock_Lock
0010f150 00000040 T LightLock_Unlock
0010f190 00000030 T RecursiveLock_Lock
0010f1c0 00000054 T RecursiveLock_Unlock
0010f214 00000040 T LightEvent_Init
0010f254 000000a4 T LightEvent_Clear
0010f2f8 000000c8 T LightEvent_Signal
0010f3c0 00000050 T LightEvent_TryWait
0010f410 000000a0 T LightEvent_Wait
0010f4b0 000001d8 T threadCreate
0010f688 0000002c T threadFree
0010f6b4 00000024 T threadJoin
0010f6d8 00000030 T threadGetCurrent
0010f708 00000040 T threadExit
0010f748 00000020 t _thread_begin
0010f768 000000b4 t mappableFindAddressWithin
0010f81c 00000028 T mappableInit
0010f844 00000080 T mappableAlloc
0010f8c4 00000004 T mappableFree
0010f8c8 0000000c T srvPmGetSessionHandle
0010f8d4 0000005c T rbtree_node_next
0010f930 00000064 T decode_utf16
0010f994 00000054 T encode_utf16
0010f9e8 000000e0 T encode_utf8
0010fac8 00000030 W __appExit
0010faf8 00000030 W __appInit
0010fb28 00000090 W __libctru_exit
0010fbb8 00000014 t archive_link
0010fbcc 00000014 t archive_dirreset
0010fbe0 00000014 t archive_chmod
0010fbf4 00000024 t error_cmp
0010fc18 00000050 t archive_translate_error
0010fc68 000000c8 t archive_seek
0010fd30 0000007c t _archiveInit.part.0
0010fdac 000000c4 t archiveFindDevice.part.0
0010fe70 00000280 t archive_utf16path
001100f0 0000009c t _archiveUnmountDeviceStruct.part.0
0011018c 00000014 t archive_fchmod
001101a0 00000014 t archive_statvfs
001101b4 00000164 t _archiveMountDevice
00110318 000000e8 t archive_diropen
00110400 000000a4 t archive_fstat
001104a4 0000006c t archive_fsync
00110510 0000006c t archive_close
0011057c 00000070 t archive_dirclose
001105ec 000000e8 t sdmc_statvfs
001106d4 000000ec t archive_chdir
001107c0 0000007c t archive_ftruncate
0011083c 000000ac t archive_read
001108e8 000000a4 t archive_unlink
0011098c 000000bc t archive_rmdir
00110a48 000000dc t archive_mkdir
00110b24 00000194 t archive_stat
00110cb8 00000160 t archive_dirnext
00110e18 00000124 t archive_write
00110f3c 0000020c t archive_open
00111148 00000278 t archive_rename
001113c0 0000019c T archiveMountSdmc
0011155c 00000054 T archiveUnmountAll
001115b0 000000c0 T ceilf
00111670 000000e4 T strncmp
00111754 00000130 T strchr
00111884 0000005c T strlen
001118e0 000001d8 t _strtoul_l.isra.0
00111ab8 00000034 T strtoul
00111aec 000000e4 T strncat
00111bd0 00000078 T bsearch
00111c48 00000344 T _fread_r
00111f8c 00000038 T fread
00111fc4 00000020 T calloc
00111fe4 00000974 T qsort
00112958 00000038 t lflush
00112990 0000019c T __srefill_r
00112b2c 00000148 T _fclose_r
00112c74 00000018 T fclose
00112c8c 000000c0 T _calloc_r
00112d4c 0000012c T __smakebuf_r
00112e78 00000020 T realloc
00112e98 00000020 T memalign
00112eb8 0000001c t stdio_exit_handler
00112ed4 0000005c t cleanup_stdio
00112f30 00000154 t global_stdio_init.part.0
00113084 00000134 T __sfp
001131b8 0000005c T __sinit
00113214 0000000c T __sfp_lock_acquire
00113220 0000000c T __sfp_lock_release
0011322c 0000079c T _malloc_r
001139c8 000000f8 T _malloc_trim_r
00113ac0 000002e8 T _free_r
00113da8 00000048 T strnlen
00113df0 0000000c T __errno
00113dfc 00000018 T malloc
00113e14 00000018 T free
00113e2c 0000011c T memcpy
00113f48 0000012c T _fopen_r
00114074 00000020 T fopen
00114094 000000f4 T memset
00114188 000004a0 T _realloc_r
00114628 00000070 T _fwalk_sglue
00114698 0000000c T __malloc_lock
001146a4 0000000c T __malloc_unlock
001146b0 00000004 W __call_exitprocs
001146b4 00000030 T exit
001146e4 0000001c T _fseek_r
00114700 000000c4 T strncpy
001147c4 000000b4 T __sflags
00114878 00000084 T __libc_init_array
001148fc 0000022c T __sflush_r
00114b28 00000094 T _fflush_r
00114bbc 00000150 T memmove
00114d0c 0000014c T _memalign_r
00114e58 0000003c T __libc_fini_array
00114e94 00000590 T _fseeko_r
00115424 00000044 T __sread
00115468 00000068 T __swrite
001154d0 00000044 T __sseek
00115514 00000008 T __sclose
0011551c 00000020 T _exit
0011553c 0000013c T chdir
00115678 000001cc T _concatenate_path
00115844 00000078 T _fstat_r
001158bc 0000002c T __getreent
001158e8 0000008c T __release_handle
00115974 000000b0 T __alloc_handle
00115a24 0000003c T __get_handle
00115a60 000000f4 T _close_r
00115b54 00000008 t null_write
00115b5c 00000018 T setDefaultDevice
00115b74 000000c8 T FindDevice
00115c3c 00000028 T RemoveDevice
00115c64 0000009c T AddDevice
00115d00 00000020 T GetDeviceOpTab
00115d20 00000008 T _isatty_r
00115d28 00000084 T _lseek_r
00115dac 000000bc T _open_r
00115e68 00000080 T _read_r
00115ee8 00000078 W _sbrk_r
00115f60 0000001c T __libc_lock_acquire
00115f7c 0000001c T __libc_lock_release
00115f98 0000001c T __libc_lock_acquire_recursive
00115fb4 0000001c T __libc_lock_release_recursive
00115fd0 00000080 T _write_r
00116050 00000048 T strrchr
00116098 T _fini
00117000 00000050 r blockColor
00117050 00000069 r blockHat
001170bc 00000069 r blockEnd
00117128 00000028 r blockMatrix
00117210 R render2d_shbin
0011739c R render2d_shbin_end
0011739c R render2d_shbin_size
001173a0 00000004 r depthFmtSizes
001173a4 00000005 r colorFmtSizes
001173ac 00000010 r CSWTCH.11
001173bc 00000008 r morton_y.2
001173c4 00000008 r morton_x.3
001173cc 00000008 r s_sleepWakeEvents.4
001173d4 00000030 r error_table
00117404 00000080 r archive_devoptab
00117484 00000101 R _ctype_
00117588 00000080 R dotab_stdnull
00117608 R __tdata_align
0011760c r __EH_FRAME_BEGIN__
0011760c R __exidx_end
0011760c R __exidx_start
00118000 00000ec4 d blockText
00118ec4 00000004 d cursorX
00118ec8 00000004 d cursorY
00118ecc 00000001 d screenSwap
00118ed0 00000004 d blockMatrixSize
00118ed4 00000004 d blockSelectorScroll
00118ed8 00000008 d framerateCounter
00118ee0 00000004 d framerate
00118ee4 00000004 d queueLock
00118ee8 00000004 d aptChainloadDeliverArgSize
00118eec 00000004 d kCount
00118ef0 00000004 d kInterval
00118ef4 00000004 d kDelay
00118ef8 W __stacksize__
00118efc 00000004 D _impure_ptr
00118f00 00000120 D _impure_data
00119020 0000000c D __sglue
0011902c 00000004 D __malloc_sbrk_base
00119030 00000004 D __malloc_trim_threshold
00119038 00000408 D __malloc_av_
00119440 00000400 d _current_working_directory
00119840 00001000 d handles
0011a840 0000000c d __stderr_handle
0011a84c 0000000c d __stdout_handle
0011a858 0000000c d __stdin_handle
0011a864 0000008c D devoptab_list
0011a8f0 00000004 d defaultDevice
0011a8fc d _GLOBAL_OFFSET_TABLE_
0011a908 d __frame_dummy_init_array_entry
0011a908 D __init_array_start
0011a908 B __preinit_array_end
0011a908 B __preinit_array_start
0011a908 D __tdata_lma
0011a908 D __tdata_lma_end
0011a90c d __do_global_dtors_aux_fini_array_entry
0011a90c D __fini_array_start
0011a90c D __init_array_end
0011a910 D __bss_start__
0011a910 D __fini_array_end
0011a910 00000004 b motion_tab_color
0011a914 00000004 b looks_tab_color
0011a918 00000004 b sound_tab_color
0011a91c 00000004 b events_tab_color
0011a920 00000004 b control_tab_color
0011a924 00000004 b sensing_tab_color
0011a928 00000004 b operators_tab_color
0011a92c 00000004 b variables_tab_color
0011a930 00000004 b my_blocks_tab_color
0011a934 00000004 b renderBlockBuf
0011a938 00000004 b renderBlockFont
0011a93c 0000001c b renderBlockTextValue
0011a958 00000001 b editorInitiated
0011a95c 00000004 b blockMatrixDynamic
0011a960 00000001 b movingBlock
0011a964 00000004 b movingBlockIdx
0011a968 00000004 b stylusDiffX
0011a96c 00000004 b stylusDiffY
0011a970 00000001 b blockSelectorTouchHold
0011a974 00000004 b blockSelectorScrollSpeed
0011a978 00000004 b extension_tab_color
0011a97c 00000001 B bsel
0011a97d b completed.1
0011a980 b object.0
0011a998 000005a8 B __C2Di_Context
0011af40 00000040 b s_projBot
0011af80 00000040 b s_projTop
0011afc0 00000004 b uLoc_mdlvMtx
0011afc4 00000004 b uLoc_projMtx
0011afc8 00000004 b s_glyphSheets
0011afcc 00000004 b s_textScale
0011afd0 0000000c b hookCookie
0011afe0 000002d0 B __C3D_Context
0011b2b0 00000004 b frameEndCbData
0011b2b4 00000004 b frameEndCb
0011b2b8 00000008 b frameCounter
0011b2c0 00000001 b isTopStereo
0011b2c1 00000001 b needSwapBot
0011b2c2 00000001 b needSwapTop
0011b2c3 00000001 b measureGpuTime
0011b2c4 00000001 b inSafeTransfer
0011b2c5 00000001 b inFrame
0011b2c8 00000010 b cpuTime
0011b2d8 00000010 b gpuTime
0011b2e8 0000000c b linkedTarget
0011b2f4 00000004 b lastTarget
0011b2f8 00000004 b firstTarget
0011b2fc 00000008 b C3Di_IVUnifEverDirty
0011b304 000000c0 b C3Di_FVUnifEverDirty
0011b3c4 00000018 b C3Di_ShaderFVecData
0011b3dc 00000002 B C3D_BoolUnifsDirty
0011b3e0 00000008 B C3D_IVUnifDirty
0011b3e8 000000c0 B C3D_FVUnifDirty
0011b4a8 00000004 B C3D_BoolUnifs
0011b4ac 00000020 B C3D_IVUnif
0011b4cc 00000c00 B C3D_FVUnif
0011c0d0 00000008 b sLinearPool
0011c0d8 0000000c b sAddrMap
0011c0e8 00000008 b sVramPoolB
0011c0f0 00000008 b sVramPoolA
0011c0f8 0000000c b sAddrMap
0011c104 00000004 b sharedFontAddr
0011c108 00000004 B g_sharedFont
0011c10c 00000004 b screenAlloc
0011c110 00000004 b screenFree
0011c114 00000002 b gfxIsDoubleBuf
0011c118 00000002 b gfxCurBuf
0011c11a 00000001 b gfxIsVram
0011c11b 00000001 b gfxTopMode
0011c11c 00000002 b gfxFramebufferFormats
0011c120 00000004 b gfxBottomFramebufferMaxSize
0011c124 00000004 b gfxTopFramebufferMaxSize
0011c128 00000008 b gfxBottomFramebuffers
0011c130 00000008 b gfxTopFramebuffers
0011c138 00000001 V __ctru_speedup
0011c13c 00000004 B gpuCmdBufOffset
0011c140 00000004 B gpuCmdBufSize
0011c144 00000004 B gpuCmdBuf
0011c148 00000004 b boundQueue
0011c14c 00000001 b shouldStop
0011c14d 00000001 b isRunning
0011c14e 00000001 b isActive
0011c150 00000004 b curQueue
0011c154 00000001 b flagValue.0
0011c155 00000001 b flagInit.1
0011c158 00000004 b serviceName.6
0011c15c 00000001 b aptChainloadFlags
0011c15d 00000001 b aptChainloadMediatype
0011c160 00000020 b aptChainloadHmac
0011c180 00000300 b aptChainloadDeliverArg
0011c480 00000008 b aptChainloadTid
0011c488 00001000 b aptParameters
0011d488 00000004 b aptFlags
0011d48c 00000001 b aptHomeButtonState
0011d490 00000004 b aptMessageFuncData
0011d494 00000004 b aptMessageFunc
0011d498 0000000c b aptFirstHook
0011d4a4 00000001 b aptEventHandlerThreadQuit
0011d4a8 00000004 b aptEventHandlerThread
0011d4ac 00000008 b aptSleepEvent
0011d4b4 00000008 b aptReceiveEvent
0011d4bc 00000008 b aptEvents
0011d4c4 00000004 b aptLockHandle
0011d4c8 00000004 b aptRefCount
0011d4d0 00000080 b fsExemptArchives
0011d550 00000004 b fsuRefCount
0011d554 00000004 b fsuHandle
0011d558 00000007 b gspEventCbOneShot
0011d560 0000001c b gspEventCbData
0011d57c 0000001c b gspEventCb
0011d598 00000038 b gspEvents
0011d5d0 00000004 b gspLastEvent
0011d5d4 00000001 b gspRunEvents
0011d5d8 00000004 b gspEventThread
0011d5dc 00000004 b gspEvent
0011d5e0 00000001 b gspGpuRight
0011d5e1 00000001 b gspThreadId
0011d5e4 00000004 b gspSharedMem
0011d5e8 00000004 b gspSharedMemHandle
0011d5ec 00000004 b gspRefCount
0011d5f0 00000004 b gspGpuHandle
0011d5f4 00000001 b usingIrrst
0011d5f8 00000004 b hidRefCount
0011d5fc 00000006 b gRate
0011d604 00000006 b aVec
0011d60c 00000004 b cPos
0011d610 00000004 b tPos
0011d614 00000004 b kRepeat
0011d618 00000004 b kUp
0011d61c 00000004 b kDown
0011d620 00000004 b kHeld
0011d624 00000004 b kOld
0011d628 00000004 B hidSharedMem
0011d62c 00000014 B hidEvents
0011d640 00000004 B hidMemHandle
0011d644 00000004 B hidHandle
0011d648 00000004 b irrstRefCount
0011d64c 00000004 b csPos
0011d650 00000004 b kHeld
0011d654 00000004 B irrstSharedMem
0011d658 00000004 B irrstEvent
0011d65c 00000004 B irrstMemHandle
0011d660 00000004 B irrstHandle
0011d664 00000004 b ptmSysmRefCount
0011d668 00000004 b ptmSysmHandle
0011d66c 00000004 V __ctru_linear_heap_size
0011d670 00000004 V __ctru_heap_size
0011d674 00000004 B __ctru_linear_heap
0011d678 00000004 B __ctru_heap
0011d67c 00000004 B __system_retAddr
0011d680 00000004 B __system_argv
0011d684 00000004 B __system_argc
0011d688 b saved_stack
0011d690 00000004 B __3dslink_host
0011d694 00000004 b srvRefCount
0011d698 00000004 b srvHandle
0011d69c 00000004 b arbiter
0011d6a0 00000004 b currentAddr
0011d6a4 00000004 b maxAddr
0011d6a8 00000004 b minAddr
0011d6ac 00000004 b srvPmHandle
0011d6b0 000005c0 b archive_devices
0011dc70 00000004 b archive_device_cwd
0011dc74 00000001 b archive_initialized
0011dc78 0000000c b __sfp_recursive_mutex
0011dc88 00000168 B __sf
0011ddf0 00000004 B __stdio_exit_handler
0011ddf4 00000028 B __malloc_current_mallinfo
0011de1c 00000004 B __malloc_max_total_mem
0011de20 00000004 B __malloc_max_sbrked_mem
0011de24 00000004 B __malloc_top_pad
0011de28 0000000c b __malloc_recursive_mutex
0011de34 00000400 b temp_cwd
0011e234 00000004 b __hndl_lock
0011e238 00000004 B fake_heap_start
0011e23c 00000004 B fake_heap_end
0011e240 00000004 b heap_start.0
0011e244 B __tls_start
0011ee4c B __bss_end__
0011ee4c A __end__
0011ee4c B __tls_end
